Copyright 1986-2022 Xilinx, Inc. All Rights Reserved. Copyright 2022-2023 Advanced Micro Devices, Inc. All Rights Reserved.
---------------------------------------------------------------------------------------------------------------------------------------------
| Tool Version : Vivado v.2023.2 (win64) Build 4029153 Fri Oct 13 20:14:34 MDT 2023
| Date         : Sun May 12 21:32:20 2024
| Host         : Olawenah-PC running 64-bit major release  (build 9200)
| Command      : upgrade_ip
| Device       : xczu3eg-sbva484-1-e
---------------------------------------------------------------------------------------------------------------------------------------------

Upgrade Log for IP 'design_1_AXI_detector_0_0'

1. Summary
----------

SUCCESS in the update of design_1_AXI_detector_0_0 (xilinx.com:user:AXI_detector:1.0 (Rev. 4)) to current project options.






Copyright 1986-2022 Xilinx, Inc. All Rights Reserved. Copyright 2022-2023 Advanced Micro Devices, Inc. All Rights Reserved.
---------------------------------------------------------------------------------------------------------------------------------------------
| Tool Version : Vivado v.2023.2 (win64) Build 4029153 Fri Oct 13 20:14:34 MDT 2023
| Date         : Sun May 12 21:28:32 2024
| Host         : Olawenah-PC running 64-bit major release  (build 9200)
| Command      : upgrade_ip
| Device       : xczu3eg-sbva484-1-e
---------------------------------------------------------------------------------------------------------------------------------------------

Upgrade Log for IP 'design_1_AXI_detector_0_0'

1. Summary
----------

SUCCESS in the update of design_1_AXI_detector_0_0 (xilinx.com:user:AXI_detector:1.0 (Rev. 4)) to current project options.






Copyright 1986-2022 Xilinx, Inc. All Rights Reserved. Copyright 2022-2023 Advanced Micro Devices, Inc. All Rights Reserved.
---------------------------------------------------------------------------------------------------------------------------------------------
| Tool Version : Vivado v.2023.2 (win64) Build 4029153 Fri Oct 13 20:14:34 MDT 2023
| Date         : Sun May 12 21:26:30 2024
| Host         : Olawenah-PC running 64-bit major release  (build 9200)
| Command      : upgrade_ip
| Device       : xczu3eg-sbva484-1-e
---------------------------------------------------------------------------------------------------------------------------------------------

Upgrade Log for IP 'design_1_AXI_detector_0_0'

1. Summary
----------

SUCCESS in the update of design_1_AXI_detector_0_0 (xilinx.com:user:AXI_detector:1.0 (Rev. 4)) to current project options.






Copyright 1986-2022 Xilinx, Inc. All Rights Reserved. Copyright 2022-2023 Advanced Micro Devices, Inc. All Rights Reserved.
---------------------------------------------------------------------------------------------------------------------------------------------
| Tool Version : Vivado v.2023.2 (win64) Build 4029153 Fri Oct 13 20:14:34 MDT 2023
| Date         : Sun May 12 21:22:34 2024
| Host         : Olawenah-PC running 64-bit major release  (build 9200)
| Command      : upgrade_ip
| Device       : xczu3eg-sbva484-1-e
---------------------------------------------------------------------------------------------------------------------------------------------

Upgrade Log for IP 'design_1_AXI_detector_0_0'

1. Summary
----------

SUCCESS in the update of design_1_AXI_detector_0_0 (xilinx.com:user:AXI_detector:1.0 (Rev. 4)) to current project options.






Copyright 1986-2022 Xilinx, Inc. All Rights Reserved. Copyright 2022-2023 Advanced Micro Devices, Inc. All Rights Reserved.
---------------------------------------------------------------------------------------------------------------------------------------------
| Tool Version : Vivado v.2023.2 (win64) Build 4029153 Fri Oct 13 20:14:34 MDT 2023
| Date         : Sun May 12 19:29:02 2024
| Host         : Olawenah-PC running 64-bit major release  (build 9200)
| Command      : upgrade_ip
| Device       : xczu3eg-sbva484-1-e
---------------------------------------------------------------------------------------------------------------------------------------------

Upgrade Log for IP 'design_1_zynq_ultra_ps_e_0_0'

1. Summary
----------

SUCCESS in the update of design_1_zynq_ultra_ps_e_0_0 (xilinx.com:ip:zynq_ultra_ps_e:3.5 (Rev. 1)) to current project options.

2. Upgrade messages
-------------------

Set parameter PSU__GPIO_EMIO__PERIPHERAL__IO to value 95 (source 'default')
WARNING: upgrade cannot add parameter PSU__USE__USB3_0_HUB with default value 0 : a parameter called PSU__USE__USB3_0_HUB already exists in zynq_ultra_ps_e_v3_5
WARNING: upgrade cannot add parameter PSU__USE__USB3_1_HUB with default value 0 : a parameter called PSU__USE__USB3_1_HUB already exists in zynq_ultra_ps_e_v3_5
Set parameter PSU__PROTECTION__FPD_SEGMENTS to value SA:0xFD1A0000; SIZE:1280; UNIT:KB; RegionTZ:Secure; WrAllowed:Read/Write; subsystemId:PMU Firmware |  SA:0xFD000000; SIZE:64; UNIT:KB; RegionTZ:Secure; WrAllowed:Read/Write; subsystemId:PMU Firmware |  SA:0xFD010000; SIZE:64; UNIT:KB; RegionTZ:Secure; WrAllowed:Read/Write; subsystemId:PMU Firmware |  SA:0xFD020000; SIZE:64; UNIT:KB; RegionTZ:Secure; WrAllowed:Read/Write; subsystemId:PMU Firmware |  SA:0xFD030000; SIZE:64; UNIT:KB; RegionTZ:Secure; WrAllowed:Read/Write; subsystemId:PMU Firmware |  SA:0xFD040000; SIZE:64; UNIT:KB; RegionTZ:Secure; WrAllowed:Read/Write; subsystemId:PMU Firmware |  SA:0xFD050000; SIZE:64; UNIT:KB; RegionTZ:Secure; WrAllowed:Read/Write; subsystemId:PMU Firmware |  SA:0xFD610000; SIZE:512; UNIT:KB; RegionTZ:Secure; WrAllowed:Read/Write; subsystemId:PMU Firmware |  SA:0xFD5D0000; SIZE:64; UNIT:KB; RegionTZ:Secure; WrAllowed:Read/Write; subsystemId:PMU Firmware | SA:0xFD1A0000 ; SIZE:1280; UNIT:KB; RegionTZ:Secure ; WrAllowed:Read/Write; subsystemId:Secure Subsystem (source 'default')






Copyright 1986-2022 Xilinx, Inc. All Rights Reserved. Copyright 2022-2023 Advanced Micro Devices, Inc. All Rights Reserved.
---------------------------------------------------------------------------------------------------------------------------------------------
| Tool Version : Vivado v.2023.2 (win64) Build 4029153 Fri Oct 13 20:14:34 MDT 2023
| Date         : Sun May 12 19:29:02 2024
| Host         : Olawenah-PC running 64-bit major release  (build 9200)
| Command      : upgrade_ip
| Device       : xczu3eg-sbva484-1-e
---------------------------------------------------------------------------------------------------------------------------------------------

Upgrade Log for IP 'design_1_rst_ps8_0_100M_0'

1. Summary
----------

SUCCESS in the update of design_1_rst_ps8_0_100M_0 (xilinx.com:ip:proc_sys_reset:5.0 (Rev. 14)) to current project options.






Copyright 1986-2022 Xilinx, Inc. All Rights Reserved. Copyright 2022-2023 Advanced Micro Devices, Inc. All Rights Reserved.
---------------------------------------------------------------------------------------------------------------------------------------------
| Tool Version : Vivado v.2023.2 (win64) Build 4029153 Fri Oct 13 20:14:34 MDT 2023
| Date         : Sun May 12 15:19:08 2024
| Host         : Elitebook-QCommsUB-Adria running 64-bit major release  (build 9200)
| Command      : upgrade_ip
| Device       : xczu3eg-sbva484-1-e
---------------------------------------------------------------------------------------------------------------------------------------------

Upgrade Log for IP 'design_1_AXI_detector_0_0'

1. Summary
----------

SUCCESS in the upgrade of design_1_AXI_detector_0_0 (xilinx.com:user:AXI_detector:1.0) from (Rev. 2) to (Rev. 3)

