Copyright 1986-2022 Xilinx, Inc. All Rights Reserved. Copyright 2022-2023 Advanced Micro Devices, Inc. All Rights Reserved.
--------------------------------------------------------------------------------------------------------------------------------------------------
| Tool Version      : Vivado v.2023.2 (win64) Build 4029153 Fri Oct 13 20:14:34 MDT 2023
| Date              : Sun May 12 15:25:38 2024
| Host              : Elitebook-QCommsUB-Adria running 64-bit major release  (build 9200)
| Command           : report_clock_utilization -file detector_top_v1_0_clock_utilization_routed.rpt
| Design            : detector_top_v1_0
| Device            : xczu3eg-sbva484
| Speed File        : -1  PRODUCTION 1.30 05-15-2022
| Temperature Grade : E
| Design State      : Routed
--------------------------------------------------------------------------------------------------------------------------------------------------

Clock Utilization Report

Table of Contents
-----------------
1. Clock Primitive Utilization
2. Global Clock Resources
3. Global Clock Source Details
4. Clock Regions : Clock Primitives
5. Clock Regions : Load Primitives
6. Clock Regions : Global Clock Summary
7. Clock Regions : Routing Resource Utilization
8. Device Cell Placement Summary for Global Clock g0
9. Device Cell Placement Summary for Global Clock g1
10. Clock Region Cell Placement per Global Clock: Region X1Y1
11. Clock Region Cell Placement per Global Clock: Region X1Y2

1. Clock Primitive Utilization
------------------------------

+------------+------+-----------+-----+--------------+--------+
| Type       | Used | Available | LOC | Clock Region | Pblock |
+------------+------+-----------+-----+--------------+--------+
| BUFGCE     |    2 |        88 |   0 |            0 |      0 |
| BUFGCE_DIV |    0 |        12 |   0 |            0 |      0 |
| BUFGCTRL   |    0 |        24 |   0 |            0 |      0 |
| BUFG_PS    |    0 |        72 |   0 |            0 |      0 |
| MMCM       |    0 |         3 |   0 |            0 |      0 |
| PLL        |    0 |         6 |   0 |            0 |      0 |
+------------+------+-----------+-----+--------------+--------+


2. Global Clock Resources
-------------------------

+-----------+-----------+-----------------+------------+--------------+--------------+------+-------------------+------------------+-------------------+-------------+-----------------+--------------+-------+--------------------------------+-------------------------+
| Global Id | Source Id | Driver Type/Pin | Constraint | Site         | Clock Region | Root | Clock Delay Group | Clock Low Fanout | Load Clock Region | Clock Loads | Non-Clock Loads | Clock Period | Clock | Driver Pin                     | Net                     |
+-----------+-----------+-----------------+------------+--------------+--------------+------+-------------------+------------------+-------------------+-------------+-----------------+--------------+-------+--------------------------------+-------------------------+
| g0        | src0      | BUFGCE/O        | None       | BUFGCE_X0Y47 | X1Y1         | X1Y1 |                   |                  |                 1 |          18 |               0 |              |       | m00_axis_aclk_IBUF_BUFG_inst/O | m00_axis_aclk_IBUF_BUFG |
| g1        | src1      | BUFGCE/O        | None       | BUFGCE_X0Y24 | X1Y1         | X1Y2 |                   |                  |                 1 |           5 |               0 |              |       | s00_axis_aclk_IBUF_BUFG_inst/O | s00_axis_aclk_IBUF_BUFG |
+-----------+-----------+-----------------+------------+--------------+--------------+------+-------------------+------------------+-------------------+-------------+-----------------+--------------+-------+--------------------------------+-------------------------+
* Clock Loads column represents cell count of net connects that connect to a clock pin. Internal cell leaf pins are not considered
** Non-Clock Loads column represents cell count of non-clock pin loads


3. Global Clock Source Details
------------------------------

+-----------+-----------+-----------------+------------+-----------+--------------+-------------+-----------------+---------------------+--------------+-----------------------------------------+---------------------------+
| Source Id | Global Id | Driver Type/Pin | Constraint | Site      | Clock Region | Clock Loads | Non-Clock Loads | Source Clock Period | Source Clock | Driver Pin                              | Net                       |
+-----------+-----------+-----------------+------------+-----------+--------------+-------------+-----------------+---------------------+--------------+-----------------------------------------+---------------------------+
| src0      | g0        | IBUFCTRL/O      | None       | IOB_X2Y73 | X1Y1         |           1 |               0 |                     |              | m00_axis_aclk_IBUF_inst/IBUFCTRL_INST/O | m00_axis_aclk_IBUF_inst/O |
| src1      | g1        | IBUFCTRL/O      | None       | IOB_X2Y80 | X1Y1         |           1 |               0 |                     |              | s00_axis_aclk_IBUF_inst/IBUFCTRL_INST/O | s00_axis_aclk_IBUF_inst/O |
+-----------+-----------+-----------------+------------+-----------+--------------+-------------+-----------------+---------------------+--------------+-----------------------------------------+---------------------------+
* Clock Loads column represents cell count of net connects that connect to a clock pin. Internal cell leaf pins are not considered
** Non-Clock Loads column represents cell count of non-clock pin loads


4. Clock Regions : Clock Primitives
-----------------------------------

+-------------------+---------------+---------------+---------------+---------------+---------------+---------------+---------------+---------------+
|                   |  Global Clock |     BUFGCE    |   BUFGCE_DIV  |    BUFGCTRL   |    BUFG_GT    |    BUFG_PS    |      MMCM     |      PLL      |
+-------------------+-------+-------+-------+-------+-------+-------+-------+-------+-------+-------+-------+-------+-------+-------+-------+-------+
| Clock Region Name | Used  | Avail | Used  | Avail | Used  | Avail | Used  | Avail | Used  | Avail | Used  | Avail | Used  | Avail | Used  | Avail |
+-------------------+-------+-------+-------+-------+-------+-------+-------+-------+-------+-------+-------+-------+-------+-------+-------+-------+
| X0Y0              |     0 |    24 |     0 |     4 |     0 |     0 |     0 |     0 |     0 |     0 |     0 |    24 |     0 |     0 |     0 |     0 |
| X1Y0              |     0 |    24 |     0 |    28 |     0 |     4 |     0 |     8 |     0 |     0 |     0 |     0 |     0 |     1 |     0 |     2 |
| X0Y1              |     0 |    24 |     0 |     4 |     0 |     0 |     0 |     0 |     0 |     0 |     0 |    24 |     0 |     0 |     0 |     0 |
| X1Y1              |     1 |    24 |     2 |    24 |     0 |     4 |     0 |     8 |     0 |     0 |     0 |     0 |     0 |     1 |     0 |     2 |
| X0Y2              |     0 |    24 |     0 |     4 |     0 |     0 |     0 |     0 |     0 |     0 |     0 |    24 |     0 |     0 |     0 |     0 |
| X1Y2              |     1 |    24 |     0 |    24 |     0 |     4 |     0 |     8 |     0 |     0 |     0 |     0 |     0 |     1 |     0 |     2 |
+-------------------+-------+-------+-------+-------+-------+-------+-------+-------+-------+-------+-------+-------+-------+-------+-------+-------+
* Global Clock column represents track count; while other columns represents cell counts


5. Clock Regions : Load Primitives
----------------------------------

+-------------------+------------------+------------------+------------------+------------------+------------------+------------------+------------------+
|                   |   Global Clock   |        FF        |      LUTRAM      |  Block RAM (18K) |        DSP       |        GT        |      HARD IP     |
+-------------------+--------+---------+--------+---------+--------+---------+--------+---------+--------+---------+--------+---------+--------+---------+
| Clock Region Name | Used   | Avail   | Used   | Avail   | Used   | Avail   | Used   | Avail   | Used   | Avail   | Used   | Avail   | Used   | Avail   |
+-------------------+--------+---------+--------+---------+--------+---------+--------+---------+--------+---------+--------+---------+--------+---------+
| X0Y0              |      0 |      24 |      0 |   27840 |      0 |    4800 |      0 |      72 |      0 |      72 |      0 |       0 |      0 |       0 |
| X1Y0              |      0 |      24 |      0 |   19200 |      0 |    4800 |      0 |      72 |      0 |      48 |      0 |       0 |      0 |       0 |
| X0Y1              |      0 |      24 |      0 |   27840 |      0 |    4800 |      0 |      72 |      0 |      72 |      0 |       0 |      0 |       0 |
| X1Y1              |      1 |      24 |     18 |   19200 |      0 |    4800 |      0 |      72 |      0 |      48 |      0 |       0 |      0 |       0 |
| X0Y2              |      0 |      24 |      0 |   27840 |      0 |    4800 |      0 |      72 |      0 |      72 |      0 |       0 |      0 |       0 |
| X1Y2              |      1 |      24 |      5 |   19200 |      0 |    4800 |      0 |      72 |      0 |      48 |      0 |       0 |      0 |       0 |
+-------------------+--------+---------+--------+---------+--------+---------+--------+---------+--------+---------+--------+---------+--------+---------+
* Global Clock column represents track count; while other columns represents cell counts


6. Clock Regions : Global Clock Summary
---------------------------------------

All Modules
+----+----+----+
|    | X0 | X1 |
+----+----+----+
| Y2 |  0 |  1 |
| Y1 |  0 |  2 |
| Y0 |  0 |  0 |
+----+----+----+


7. Clock Regions : Routing Resource Utilization
-----------------------------------------------

All Modules
+-------------------+----------------------+----------------------+----------------------+----------------------+
|                   |        HROUTES       |        HDISTRS       |        VROUTES       |        VDISTRS       |
+-------------------+------+-------+-------+------+-------+-------+------+-------+-------+------+-------+-------+
| Clock Region Name | Used | Avail | Util% | Used | Avail | Util% | Used | Avail | Util% | Used | Avail | Util% |
+-------------------+------+-------+-------+------+-------+-------+------+-------+-------+------+-------+-------+
| X0Y0              |    0 |    24 |  0.00 |    0 |    24 |  0.00 |    0 |    24 |  0.00 |    0 |    24 |  0.00 |
| X1Y0              |    0 |    24 |  0.00 |    0 |    24 |  0.00 |    0 |    24 |  0.00 |    0 |    24 |  0.00 |
| X0Y1              |    0 |    24 |  0.00 |    0 |    24 |  0.00 |    0 |    24 |  0.00 |    0 |    24 |  0.00 |
| X1Y1              |    2 |    24 |  8.33 |    1 |    24 |  4.17 |    0 |    24 |  0.00 |    0 |    24 |  0.00 |
| X0Y2              |    0 |    24 |  0.00 |    0 |    24 |  0.00 |    0 |    24 |  0.00 |    0 |    24 |  0.00 |
| X1Y2              |    0 |    24 |  0.00 |    1 |    24 |  4.17 |    1 |    24 |  4.17 |    1 |    24 |  4.17 |
+-------------------+------+-------+-------+------+-------+-------+------+-------+-------+------+-------+-------+


8. Device Cell Placement Summary for Global Clock g0
----------------------------------------------------

+-----------+-----------------+-------------------+-------+-------------+---------------+----------+-------------+----------+----------------+----------+-------------------------+
| Global Id | Driver Type/Pin | Driver Region (D) | Clock | Period (ns) | Waveform (ns) | Root (R) | Slice Loads | IO Loads | Clocking Loads | GT Loads | Net                     |
+-----------+-----------------+-------------------+-------+-------------+---------------+----------+-------------+----------+----------------+----------+-------------------------+
| g0        | BUFGCE/O        | X1Y1              |       |             |               | X1Y1     |          18 |        0 |              0 |        0 | m00_axis_aclk_IBUF_BUFG |
+-----------+-----------------+-------------------+-------+-------------+---------------+----------+-------------+----------+----------------+----------+-------------------------+
* Slice Loads column represents load cell count of all cell types other than IO, GT and clock resources
** IO Loads column represents load cell count of IO types
*** Clocking Loads column represents load cell count that are clock resources (global clock buffer, MMCM, PLL, etc)
**** GT Loads column represents load cell count of GT types


+----+----+------------+-----------------------+
|    | X0 | X1         | HORIZONTAL PROG DELAY |
+----+----+------------+-----------------------+
| Y2 |  0 |          0 |                     - |
| Y1 |  0 | (R) (D) 18 |                     0 |
| Y0 |  0 |          0 |                     - |
+----+----+------------+-----------------------+


9. Device Cell Placement Summary for Global Clock g1
----------------------------------------------------

+-----------+-----------------+-------------------+-------+-------------+---------------+----------+-------------+----------+----------------+----------+-------------------------+
| Global Id | Driver Type/Pin | Driver Region (D) | Clock | Period (ns) | Waveform (ns) | Root (R) | Slice Loads | IO Loads | Clocking Loads | GT Loads | Net                     |
+-----------+-----------------+-------------------+-------+-------------+---------------+----------+-------------+----------+----------------+----------+-------------------------+
| g1        | BUFGCE/O        | X1Y1              |       |             |               | X1Y2     |           5 |        0 |              0 |        0 | s00_axis_aclk_IBUF_BUFG |
+-----------+-----------------+-------------------+-------+-------------+---------------+----------+-------------+----------+----------------+----------+-------------------------+
* Slice Loads column represents load cell count of all cell types other than IO, GT and clock resources
** IO Loads column represents load cell count of IO types
*** Clocking Loads column represents load cell count that are clock resources (global clock buffer, MMCM, PLL, etc)
**** GT Loads column represents load cell count of GT types


+----+----+--------+-----------------------+
|    | X0 | X1     | HORIZONTAL PROG DELAY |
+----+----+--------+-----------------------+
| Y2 |  0 |  (R) 5 |                     0 |
| Y1 |  0 |  (D) 0 |                     - |
| Y0 |  0 |      0 |                     - |
+----+----+--------+-----------------------+


10. Clock Region Cell Placement per Global Clock: Region X1Y1
-------------------------------------------------------------

+-----------+-------+-----------------+------------+-------------+-----------------+----+-------------+------+-----+----+------+-----+---------+-------------------------+
| Global Id | Track | Driver Type/Pin | Constraint | Clock Loads | Non-Clock Loads | FF | Memory LUTs | RAMB | DSP | GT | MMCM | PLL | Hard IP | Net                     |
+-----------+-------+-----------------+------------+-------------+-----------------+----+-------------+------+-----+----+------+-----+---------+-------------------------+
| g0        | 23    | BUFGCE/O        | None       |          18 |               0 | 18 |           0 |    0 |   0 |  0 |    0 |   0 |       0 | m00_axis_aclk_IBUF_BUFG |
| g1+       | 0     | BUFGCE/O        | None       |           0 |               0 |  0 |           0 |    0 |   0 |  0 |    0 |   0 |       0 | s00_axis_aclk_IBUF_BUFG |
+-----------+-------+-----------------+------------+-------------+-----------------+----+-------------+------+-----+----+------+-----+---------+-------------------------+
* Clock Loads column represents cell count of net connects that connect to a clock pin. Internal cell leaf pins are not considered
** Non-Clock Loads column represents cell count of non-clock pin loads
*** Columns FF, LUTRAM, RAMB through 'Hard IP' represents load cell counts
**** In Global Id column, sympbol '+' indicates that global clock was used only to route through the clock region.


11. Clock Region Cell Placement per Global Clock: Region X1Y2
-------------------------------------------------------------

+-----------+-------+-----------------+------------+-------------+-----------------+----+-------------+------+-----+----+------+-----+---------+-------------------------+
| Global Id | Track | Driver Type/Pin | Constraint | Clock Loads | Non-Clock Loads | FF | Memory LUTs | RAMB | DSP | GT | MMCM | PLL | Hard IP | Net                     |
+-----------+-------+-----------------+------------+-------------+-----------------+----+-------------+------+-----+----+------+-----+---------+-------------------------+
| g1        | 0     | BUFGCE/O        | None       |           5 |               0 |  5 |           0 |    0 |   0 |  0 |    0 |   0 |       0 | s00_axis_aclk_IBUF_BUFG |
+-----------+-------+-----------------+------------+-------------+-----------------+----+-------------+------+-----+----+------+-----+---------+-------------------------+
* Clock Loads column represents cell count of net connects that connect to a clock pin. Internal cell leaf pins are not considered
** Non-Clock Loads column represents cell count of non-clock pin loads
*** Columns FF, LUTRAM, RAMB through 'Hard IP' represents load cell counts


