Analysis & Synthesis report for detector
Tue May 07 19:43:07 2024
Quartus Prime Version 20.1.1 Build 720 11/11/2020 SJ Lite Edition


---------------------
; Table of Contents ;
---------------------
  1. Legal Notice
  2. Analysis & Synthesis Summary
  3. Analysis & Synthesis Settings
  4. Parallel Compilation
  5. Analysis & Synthesis Messages



----------------
; Legal Notice ;
----------------
Copyright (C) 2020  Intel Corporation. All rights reserved.
Your use of Intel Corporation's design tools, logic functions 
and other software and tools, and any partner logic 
functions, and any output files from any of the foregoing 
(including device programming or simulation files), and any 
associated documentation or information are expressly subject 
to the terms and conditions of the Intel Program License 
Subscription Agreement, the Intel Quartus Prime License Agreement,
the Intel FPGA IP License Agreement, or other applicable license
agreement, including, without limitation, that your use is for
the sole purpose of programming logic devices manufactured by
Intel and sold by Intel or its authorized distributors.  Please
refer to the applicable agreement for further details, at
https://fpgasoftware.intel.com/eula.



+---------------------------------------------------------------------------+
; Analysis & Synthesis Summary                                              ;
+-----------------------------+---------------------------------------------+
; Analysis & Synthesis Status ; Failed - Tue May 07 19:43:07 2024           ;
; Quartus Prime Version       ; 20.1.1 Build 720 11/11/2020 SJ Lite Edition ;
; Revision Name               ; detector                                    ;
; Top-level Entity Name       ; detector                                    ;
; Family                      ; Cyclone V                                   ;
; Logic utilization (in ALMs) ; N/A until Partition Merge                   ;
; Total registers             ; N/A until Partition Merge                   ;
; Total pins                  ; N/A until Partition Merge                   ;
; Total virtual pins          ; N/A until Partition Merge                   ;
; Total block memory bits     ; N/A until Partition Merge                   ;
; Total PLLs                  ; N/A until Partition Merge                   ;
; Total DLLs                  ; N/A until Partition Merge                   ;
+-----------------------------+---------------------------------------------+


+---------------------------------------------------------------------------------------------------------------------------+
; Analysis & Synthesis Settings                                                                                             ;
+---------------------------------------------------------------------------------+--------------------+--------------------+
; Option                                                                          ; Setting            ; Default Value      ;
+---------------------------------------------------------------------------------+--------------------+--------------------+
; Device                                                                          ; 5CGXFC7C7F23C8     ;                    ;
; Top-level entity name                                                           ; detector           ; detector           ;
; Family name                                                                     ; Cyclone V          ; Cyclone V          ;
; Use smart compilation                                                           ; Off                ; Off                ;
; Enable parallel Assembler and Timing Analyzer during compilation                ; On                 ; On                 ;
; Enable compact report table                                                     ; Off                ; Off                ;
; Restructure Multiplexers                                                        ; Auto               ; Auto               ;
; MLAB Add Timing Constraints For Mixed-Port Feed-Through Mode Setting Don't Care ; Off                ; Off                ;
; Create Debugging Nodes for IP Cores                                             ; Off                ; Off                ;
; Preserve fewer node names                                                       ; On                 ; On                 ;
; Intel FPGA IP Evaluation Mode                                                   ; Enable             ; Enable             ;
; Verilog Version                                                                 ; Verilog_2001       ; Verilog_2001       ;
; VHDL Version                                                                    ; VHDL_1993          ; VHDL_1993          ;
; State Machine Processing                                                        ; Auto               ; Auto               ;
; Safe State Machine                                                              ; Off                ; Off                ;
; Extract Verilog State Machines                                                  ; On                 ; On                 ;
; Extract VHDL State Machines                                                     ; On                 ; On                 ;
; Ignore Verilog initial constructs                                               ; Off                ; Off                ;
; Iteration limit for constant Verilog loops                                      ; 5000               ; 5000               ;
; Iteration limit for non-constant Verilog loops                                  ; 250                ; 250                ;
; Add Pass-Through Logic to Inferred RAMs                                         ; On                 ; On                 ;
; Infer RAMs from Raw Logic                                                       ; On                 ; On                 ;
; Parallel Synthesis                                                              ; On                 ; On                 ;
; DSP Block Balancing                                                             ; Auto               ; Auto               ;
; NOT Gate Push-Back                                                              ; On                 ; On                 ;
; Power-Up Don't Care                                                             ; On                 ; On                 ;
; Remove Redundant Logic Cells                                                    ; Off                ; Off                ;
; Remove Duplicate Registers                                                      ; On                 ; On                 ;
; Ignore CARRY Buffers                                                            ; Off                ; Off                ;
; Ignore CASCADE Buffers                                                          ; Off                ; Off                ;
; Ignore GLOBAL Buffers                                                           ; Off                ; Off                ;
; Ignore ROW GLOBAL Buffers                                                       ; Off                ; Off                ;
; Ignore LCELL Buffers                                                            ; Off                ; Off                ;
; Ignore SOFT Buffers                                                             ; On                 ; On                 ;
; Limit AHDL Integers to 32 Bits                                                  ; Off                ; Off                ;
; Optimization Technique                                                          ; Balanced           ; Balanced           ;
; Carry Chain Length                                                              ; 70                 ; 70                 ;
; Auto Carry Chains                                                               ; On                 ; On                 ;
; Auto Open-Drain Pins                                                            ; On                 ; On                 ;
; Perform WYSIWYG Primitive Resynthesis                                           ; Off                ; Off                ;
; Auto ROM Replacement                                                            ; On                 ; On                 ;
; Auto RAM Replacement                                                            ; On                 ; On                 ;
; Auto DSP Block Replacement                                                      ; On                 ; On                 ;
; Auto Shift Register Replacement                                                 ; Auto               ; Auto               ;
; Allow Shift Register Merging across Hierarchies                                 ; Auto               ; Auto               ;
; Auto Clock Enable Replacement                                                   ; On                 ; On                 ;
; Strict RAM Replacement                                                          ; Off                ; Off                ;
; Allow Synchronous Control Signals                                               ; On                 ; On                 ;
; Force Use of Synchronous Clear Signals                                          ; Off                ; Off                ;
; Auto Resource Sharing                                                           ; Off                ; Off                ;
; Allow Any RAM Size For Recognition                                              ; Off                ; Off                ;
; Allow Any ROM Size For Recognition                                              ; Off                ; Off                ;
; Allow Any Shift Register Size For Recognition                                   ; Off                ; Off                ;
; Use LogicLock Constraints during Resource Balancing                             ; On                 ; On                 ;
; Ignore translate_off and synthesis_off directives                               ; Off                ; Off                ;
; Timing-Driven Synthesis                                                         ; On                 ; On                 ;
; Report Parameter Settings                                                       ; On                 ; On                 ;
; Report Source Assignments                                                       ; On                 ; On                 ;
; Report Connectivity Checks                                                      ; On                 ; On                 ;
; Ignore Maximum Fan-Out Assignments                                              ; Off                ; Off                ;
; Synchronization Register Chain Length                                           ; 3                  ; 3                  ;
; Power Optimization During Synthesis                                             ; Normal compilation ; Normal compilation ;
; HDL message level                                                               ; Level2             ; Level2             ;
; Suppress Register Optimization Related Messages                                 ; Off                ; Off                ;
; Number of Removed Registers Reported in Synthesis Report                        ; 5000               ; 5000               ;
; Number of Swept Nodes Reported in Synthesis Report                              ; 5000               ; 5000               ;
; Number of Inverted Registers Reported in Synthesis Report                       ; 100                ; 100                ;
; Clock MUX Protection                                                            ; On                 ; On                 ;
; Auto Gated Clock Conversion                                                     ; Off                ; Off                ;
; Block Design Naming                                                             ; Auto               ; Auto               ;
; SDC constraint protection                                                       ; Off                ; Off                ;
; Synthesis Effort                                                                ; Auto               ; Auto               ;
; Shift Register Replacement - Allow Asynchronous Clear Signal                    ; On                 ; On                 ;
; Pre-Mapping Resynthesis Optimization                                            ; Off                ; Off                ;
; Analysis & Synthesis Message Level                                              ; Medium             ; Medium             ;
; Disable Register Merging Across Hierarchies                                     ; Auto               ; Auto               ;
; Resource Aware Inference For Block RAM                                          ; On                 ; On                 ;
; Automatic Parallel Synthesis                                                    ; On                 ; On                 ;
; Partial Reconfiguration Bitstream ID                                            ; Off                ; Off                ;
+---------------------------------------------------------------------------------+--------------------+--------------------+


+------------------------------------------+
; Parallel Compilation                     ;
+----------------------------+-------------+
; Processors                 ; Number      ;
+----------------------------+-------------+
; Number detected on machine ; 12          ;
; Maximum allowed            ; 10          ;
;                            ;             ;
; Average used               ; 1.00        ;
; Maximum used               ; 1           ;
;                            ;             ;
; Usage by Processor         ; % Time Used ;
;     Processor 1            ; 100.0%      ;
+----------------------------+-------------+


+-------------------------------+
; Analysis & Synthesis Messages ;
+-------------------------------+
Info: *******************************************************************
Info: Running Quartus Prime Analysis & Synthesis
    Info: Version 20.1.1 Build 720 11/11/2020 SJ Lite Edition
    Info: Processing started: Tue May 07 19:42:47 2024
Info: Command: quartus_map --read_settings_files=on --write_settings_files=off detector -c detector
Warning (18236): Number of processors has not been specified which may cause overloading on shared machines.  Set the global assignment NUM_PARALLEL_PROCESSORS in your QSF to an appropriate value for best performance.
Info (20030): Parallel compilation is enabled and will use 10 of the 10 processors detected
Info (12021): Found 1 design units, including 1 entities, in source file /users/hp/documents/projectes/coincidence_detector/rtl/pos_edge_det.sv
    Info (12023): Found entity 1: pos_edge_det File: C:/Users/HP/Documents/Projectes/Coincidence_detector/rtl/pos_edge_det.sv Line: 1
Info (12021): Found 1 design units, including 1 entities, in source file /users/hp/documents/projectes/coincidence_detector/rtl/detector.sv
    Info (12023): Found entity 1: detector File: C:/Users/HP/Documents/Projectes/Coincidence_detector/rtl/detector.sv Line: 1
Info (12021): Found 1 design units, including 1 entities, in source file /users/hp/documents/projectes/coincidence_detector/rtl/delaygenerator.sv
    Info (12023): Found entity 1: DelayGenerator File: C:/Users/HP/Documents/Projectes/Coincidence_detector/rtl/DelayGenerator.sv Line: 1
Info (12127): Elaborating entity "detector" for the top level hierarchy
Info (10041): Inferred latch for "Counts[0][0]" at detector.sv(25) File: C:/Users/HP/Documents/Projectes/Coincidence_detector/rtl/detector.sv Line: 25
Info (10041): Inferred latch for "Counts[0][1]" at detector.sv(25) File: C:/Users/HP/Documents/Projectes/Coincidence_detector/rtl/detector.sv Line: 25
Info (10041): Inferred latch for "Counts[0][2]" at detector.sv(25) File: C:/Users/HP/Documents/Projectes/Coincidence_detector/rtl/detector.sv Line: 25
Info (10041): Inferred latch for "Counts[0][3]" at detector.sv(25) File: C:/Users/HP/Documents/Projectes/Coincidence_detector/rtl/detector.sv Line: 25
Info (10041): Inferred latch for "Counts[0][4]" at detector.sv(25) File: C:/Users/HP/Documents/Projectes/Coincidence_detector/rtl/detector.sv Line: 25
Info (10041): Inferred latch for "Counts[0][5]" at detector.sv(25) File: C:/Users/HP/Documents/Projectes/Coincidence_detector/rtl/detector.sv Line: 25
Info (10041): Inferred latch for "Counts[1][1]" at detector.sv(25) File: C:/Users/HP/Documents/Projectes/Coincidence_detector/rtl/detector.sv Line: 25
Info (10041): Inferred latch for "Counts[1][2]" at detector.sv(25) File: C:/Users/HP/Documents/Projectes/Coincidence_detector/rtl/detector.sv Line: 25
Info (10041): Inferred latch for "Counts[1][3]" at detector.sv(25) File: C:/Users/HP/Documents/Projectes/Coincidence_detector/rtl/detector.sv Line: 25
Info (10041): Inferred latch for "Counts[1][4]" at detector.sv(25) File: C:/Users/HP/Documents/Projectes/Coincidence_detector/rtl/detector.sv Line: 25
Info (10041): Inferred latch for "Counts[1][5]" at detector.sv(25) File: C:/Users/HP/Documents/Projectes/Coincidence_detector/rtl/detector.sv Line: 25
Info (10041): Inferred latch for "Counts[2][2]" at detector.sv(25) File: C:/Users/HP/Documents/Projectes/Coincidence_detector/rtl/detector.sv Line: 25
Info (10041): Inferred latch for "Counts[2][3]" at detector.sv(25) File: C:/Users/HP/Documents/Projectes/Coincidence_detector/rtl/detector.sv Line: 25
Info (10041): Inferred latch for "Counts[2][4]" at detector.sv(25) File: C:/Users/HP/Documents/Projectes/Coincidence_detector/rtl/detector.sv Line: 25
Info (10041): Inferred latch for "Counts[2][5]" at detector.sv(25) File: C:/Users/HP/Documents/Projectes/Coincidence_detector/rtl/detector.sv Line: 25
Info (10041): Inferred latch for "Counts[3][3]" at detector.sv(25) File: C:/Users/HP/Documents/Projectes/Coincidence_detector/rtl/detector.sv Line: 25
Info (10041): Inferred latch for "Counts[3][4]" at detector.sv(25) File: C:/Users/HP/Documents/Projectes/Coincidence_detector/rtl/detector.sv Line: 25
Info (10041): Inferred latch for "Counts[3][5]" at detector.sv(25) File: C:/Users/HP/Documents/Projectes/Coincidence_detector/rtl/detector.sv Line: 25
Info (12128): Elaborating entity "DelayGenerator" for hierarchy "DelayGenerator:delay" File: C:/Users/HP/Documents/Projectes/Coincidence_detector/rtl/detector.sv Line: 17
Warning (10858): Verilog HDL warning at DelayGenerator.sv(8): object delayRegs used but never assigned File: C:/Users/HP/Documents/Projectes/Coincidence_detector/rtl/DelayGenerator.sv Line: 8
Warning (10230): Verilog HDL assignment warning at DelayGenerator.sv(31): truncated value with size 5 to match size of target (1) File: C:/Users/HP/Documents/Projectes/Coincidence_detector/rtl/DelayGenerator.sv Line: 31
Error (10251): Verilog HDL error at DelayGenerator.sv(30): index 4 cannot fall outside the declared range [3:0] for dimension 0 of array "Delays" File: C:/Users/HP/Documents/Projectes/Coincidence_detector/rtl/DelayGenerator.sv Line: 30
Error (12152): Can't elaborate user hierarchy "DelayGenerator:delay" File: C:/Users/HP/Documents/Projectes/Coincidence_detector/rtl/detector.sv Line: 17
Error: Quartus Prime Analysis & Synthesis was unsuccessful. 2 errors, 3 warnings
    Error: Peak virtual memory: 4770 megabytes
    Error: Processing ended: Tue May 07 19:43:07 2024
    Error: Elapsed time: 00:00:20
    Error: Total CPU time (on all processors): 00:00:17


