Copyright 1986-2022 Xilinx, Inc. All Rights Reserved. Copyright 2022-2023 Advanced Micro Devices, Inc. All Rights Reserved.
---------------------------------------------------------------------------------------------------------------------------------------------
| Tool Version : Vivado v.2023.2 (win64) Build 4029153 Fri Oct 13 20:14:34 MDT 2023
| Date         : Sun May 12 23:55:08 2024
| Host         : Olawenah-PC running 64-bit major release  (build 9200)
| Command      : report_utilization -file design_1_wrapper_utilization_placed.rpt -pb design_1_wrapper_utilization_placed.pb
| Design       : design_1_wrapper
| Device       : xczu3eg-sbva484-1-e
| Speed File   : -1
| Design State : Fully Placed
---------------------------------------------------------------------------------------------------------------------------------------------

Utilization Design Information

Table of Contents
-----------------
1. CLB Logic
1.1 Summary of Registers by Type
2. CLB Logic Distribution
3. BLOCKRAM
4. ARITHMETIC
5. I/O
6. CLOCK
7. ADVANCED
8. CONFIGURATION
9. Primitives
10. Black Boxes
11. Instantiated Netlists

1. CLB Logic
------------

+----------------------------+------+-------+------------+-----------+-------+
|          Site Type         | Used | Fixed | Prohibited | Available | Util% |
+----------------------------+------+-------+------------+-----------+-------+
| CLB LUTs                   | 3119 |     0 |          0 |     70560 |  4.42 |
|   LUT as Logic             | 2940 |     0 |          0 |     70560 |  4.17 |
|   LUT as Memory            |  179 |     0 |          0 |     28800 |  0.62 |
|     LUT as Distributed RAM |   88 |     0 |            |           |       |
|     LUT as Shift Register  |   91 |     0 |            |           |       |
| CLB Registers              | 3655 |     0 |          0 |    141120 |  2.59 |
|   Register as Flip Flop    | 3655 |     0 |          0 |    141120 |  2.59 |
|   Register as Latch        |    0 |     0 |          0 |    141120 |  0.00 |
| CARRY8                     |   62 |     0 |          0 |      8820 |  0.70 |
| F7 Muxes                   |   38 |     0 |          0 |     35280 |  0.11 |
| F8 Muxes                   |    0 |     0 |          0 |     17640 |  0.00 |
| F9 Muxes                   |    0 |     0 |          0 |      8820 |  0.00 |
+----------------------------+------+-------+------------+-----------+-------+
* Warning! LUT value is adjusted to account for LUT combining.


1.1 Summary of Registers by Type
--------------------------------

+-------+--------------+-------------+--------------+
| Total | Clock Enable | Synchronous | Asynchronous |
+-------+--------------+-------------+--------------+
| 0     |            _ |           - |            - |
| 0     |            _ |           - |          Set |
| 0     |            _ |           - |        Reset |
| 0     |            _ |         Set |            - |
| 0     |            _ |       Reset |            - |
| 0     |          Yes |           - |            - |
| 66    |          Yes |           - |          Set |
| 138   |          Yes |           - |        Reset |
| 48    |          Yes |         Set |            - |
| 3403  |          Yes |       Reset |            - |
+-------+--------------+-------------+--------------+


2. CLB Logic Distribution
-------------------------

+--------------------------------------------+------+-------+------------+-----------+-------+
|                  Site Type                 | Used | Fixed | Prohibited | Available | Util% |
+--------------------------------------------+------+-------+------------+-----------+-------+
| CLB                                        |  619 |     0 |          0 |      8820 |  7.02 |
|   CLBL                                     |  404 |     0 |            |           |       |
|   CLBM                                     |  215 |     0 |            |           |       |
| LUT as Logic                               | 2940 |     0 |          0 |     70560 |  4.17 |
|   using O5 output only                     |   74 |       |            |           |       |
|   using O6 output only                     | 2229 |       |            |           |       |
|   using O5 and O6                          |  637 |       |            |           |       |
| LUT as Memory                              |  179 |     0 |          0 |     28800 |  0.62 |
|   LUT as Distributed RAM                   |   88 |     0 |            |           |       |
|     using O5 output only                   |    0 |       |            |           |       |
|     using O6 output only                   |    8 |       |            |           |       |
|     using O5 and O6                        |   80 |       |            |           |       |
|   LUT as Shift Register                    |   91 |     0 |            |           |       |
|     using O5 output only                   |    0 |       |            |           |       |
|     using O6 output only                   |   91 |       |            |           |       |
|     using O5 and O6                        |    0 |       |            |           |       |
| CLB Registers                              | 3655 |     0 |          0 |    141120 |  2.59 |
|   Register driven from within the CLB      | 1670 |       |            |           |       |
|   Register driven from outside the CLB     | 1985 |       |            |           |       |
|     LUT in front of the register is unused |  984 |       |            |           |       |
|     LUT in front of the register is used   | 1001 |       |            |           |       |
| Unique Control Sets                        |  228 |       |          0 |     17640 |  1.29 |
+--------------------------------------------+------+-------+------------+-----------+-------+
* * Note: Available Control Sets calculated as Slices * 2, Review the Control Sets Report for more information regarding control sets.


3. BLOCKRAM
-----------

+----------------+------+-------+------------+-----------+-------+
|    Site Type   | Used | Fixed | Prohibited | Available | Util% |
+----------------+------+-------+------------+-----------+-------+
| Block RAM Tile |    0 |     0 |          0 |       216 |  0.00 |
|   RAMB36/FIFO* |    0 |     0 |          0 |       216 |  0.00 |
|   RAMB18       |    0 |     0 |          0 |       432 |  0.00 |
+----------------+------+-------+------------+-----------+-------+
* Note: Each Block RAM Tile only has one FIFO logic available and therefore can accommodate only one FIFO36E2 or one FIFO18E2. However, if a FIFO18E2 occupies a Block RAM Tile, that tile can still accommodate a RAMB18E2


4. ARITHMETIC
-------------

+-----------+------+-------+------------+-----------+-------+
| Site Type | Used | Fixed | Prohibited | Available | Util% |
+-----------+------+-------+------------+-----------+-------+
| DSPs      |    0 |     0 |          0 |       360 |  0.00 |
+-----------+------+-------+------------+-----------+-------+


5. I/O
------

+------------------+------+-------+------------+-----------+-------+
|     Site Type    | Used | Fixed | Prohibited | Available | Util% |
+------------------+------+-------+------------+-----------+-------+
| Bonded IOB       |    0 |     0 |          0 |        82 |  0.00 |
| HPIOB_M          |    0 |     0 |          0 |        26 |  0.00 |
| HPIOB_S          |    0 |     0 |          0 |        26 |  0.00 |
| HDIOB_M          |    0 |     0 |          0 |        12 |  0.00 |
| HDIOB_S          |    0 |     0 |          0 |        12 |  0.00 |
| HPIOB_SNGL       |    0 |     0 |          0 |         6 |  0.00 |
| HPIOBDIFFINBUF   |    0 |     0 |          0 |        72 |  0.00 |
| HPIOBDIFFOUTBUF  |    0 |     0 |          0 |        72 |  0.00 |
| HDIOBDIFFINBUF   |    0 |     0 |          0 |        48 |  0.00 |
| BITSLICE_CONTROL |    0 |     0 |          0 |        24 |  0.00 |
| BITSLICE_RX_TX   |    0 |     0 |          0 |       936 |  0.00 |
| BITSLICE_TX      |    0 |     0 |          0 |        24 |  0.00 |
| RIU_OR           |    0 |     0 |          0 |        12 |  0.00 |
+------------------+------+-------+------------+-----------+-------+


6. CLOCK
--------

+----------------------+------+-------+------------+-----------+-------+
|       Site Type      | Used | Fixed | Prohibited | Available | Util% |
+----------------------+------+-------+------------+-----------+-------+
| GLOBAL CLOCK BUFFERs |    2 |     0 |          0 |       196 |  1.02 |
|   BUFGCE             |    1 |     0 |          0 |        88 |  1.14 |
|   BUFGCE_DIV         |    0 |     0 |          0 |        12 |  0.00 |
|   BUFG_PS            |    1 |     0 |          0 |        72 |  1.39 |
|   BUFGCTRL*          |    0 |     0 |          0 |        24 |  0.00 |
| PLL                  |    0 |     0 |          0 |         6 |  0.00 |
| MMCM                 |    0 |     0 |          0 |         3 |  0.00 |
+----------------------+------+-------+------------+-----------+-------+
* Note: Each used BUFGCTRL counts as two GLOBAL CLOCK BUFFERs. This table does not include global clocking resources, only buffer cell usage. See the Clock Utilization Report (report_clock_utilization) for detailed accounting of global clocking resource availability.


7. ADVANCED
-----------

+-----------+------+-------+------------+-----------+--------+
| Site Type | Used | Fixed | Prohibited | Available |  Util% |
+-----------+------+-------+------------+-----------+--------+
| PS8       |    1 |     0 |          0 |         1 | 100.00 |
| SYSMONE4  |    0 |     0 |          0 |         1 |   0.00 |
+-----------+------+-------+------------+-----------+--------+


8. CONFIGURATION
----------------

+-------------+------+-------+------------+-----------+-------+
|  Site Type  | Used | Fixed | Prohibited | Available | Util% |
+-------------+------+-------+------------+-----------+-------+
| BSCANE2     |    0 |     0 |          0 |         4 |  0.00 |
| DNA_PORTE2  |    0 |     0 |          0 |         1 |  0.00 |
| EFUSE_USR   |    0 |     0 |          0 |         1 |  0.00 |
| FRAME_ECCE4 |    0 |     0 |          0 |         1 |  0.00 |
| ICAPE3      |    0 |     0 |          0 |         2 |  0.00 |
| MASTER_JTAG |    0 |     0 |          0 |         1 |  0.00 |
| STARTUPE3   |    0 |     0 |          0 |         1 |  0.00 |
+-------------+------+-------+------------+-----------+-------+


9. Primitives
-------------

+----------+------+---------------------+
| Ref Name | Used | Functional Category |
+----------+------+---------------------+
| FDRE     | 3403 |            Register |
| LUT6     | 1329 |                 CLB |
| LUT5     |  777 |                 CLB |
| LUT3     |  632 |                 CLB |
| LUT4     |  429 |                 CLB |
| LUT2     |  309 |                 CLB |
| RAMD32   |  148 |                 CLB |
| FDCE     |  138 |            Register |
| LUT1     |  101 |                 CLB |
| SRLC32E  |   70 |                 CLB |
| FDPE     |   66 |            Register |
| CARRY8   |   62 |                 CLB |
| FDSE     |   48 |            Register |
| MUXF7    |   38 |                 CLB |
| SRL16E   |   21 |                 CLB |
| RAMS32   |   20 |                 CLB |
| PS8      |    1 |            Advanced |
| BUFG_PS  |    1 |               Clock |
| BUFGCE   |    1 |               Clock |
+----------+------+---------------------+


10. Black Boxes
---------------

+----------+------+
| Ref Name | Used |
+----------+------+


11. Instantiated Netlists
-------------------------

+----------+------+
| Ref Name | Used |
+----------+------+


