Copyright 1986-2022 Xilinx, Inc. All Rights Reserved. Copyright 2022-2023 Advanced Micro Devices, Inc. All Rights Reserved.
---------------------------------------------------------------------------------------------------------------------------------------------
| Tool Version : Vivado v.2023.2 (win64) Build 4029153 Fri Oct 13 20:14:34 MDT 2023
| Date         : Sun May 12 23:50:00 2024
| Host         : Olawenah-PC running 64-bit major release  (build 9200)
| Command      : upgrade_ip
| Device       : xczu3eg-sbva484-1-e
---------------------------------------------------------------------------------------------------------------------------------------------

Upgrade Log for IP 'design_1_AXI_detector_0_0'

1. Summary
----------

SUCCESS in the update of design_1_AXI_detector_0_0 (xilinx.com:user:AXI_detector:1.0 (Rev. 7)) to current project options.






Copyright 1986-2022 Xilinx, Inc. All Rights Reserved. Copyright 2022-2023 Advanced Micro Devices, Inc. All Rights Reserved.
---------------------------------------------------------------------------------------------------------------------------------------------
| Tool Version : Vivado v.2023.2 (win64) Build 4029153 Fri Oct 13 20:14:34 MDT 2023
| Date         : Sun May 12 23:49:48 2024
| Host         : Olawenah-PC running 64-bit major release  (build 9200)
| Command      : upgrade_ip
| Device       : xczu3eg-sbva484-1-e
---------------------------------------------------------------------------------------------------------------------------------------------

Upgrade Log for IP 'design_1_AXI_detector_0_0'

1. Summary
----------

SUCCESS in the upgrade of design_1_AXI_detector_0_0 (xilinx.com:user:AXI_detector:1.0) from (Rev. 6) to (Rev. 7)






Copyright 1986-2022 Xilinx, Inc. All Rights Reserved. Copyright 2022-2023 Advanced Micro Devices, Inc. All Rights Reserved.
---------------------------------------------------------------------------------------------------------------------------------------------
| Tool Version : Vivado v.2023.2 (win64) Build 4029153 Fri Oct 13 20:14:34 MDT 2023
| Date         : Sun May 12 23:36:31 2024
| Host         : Olawenah-PC running 64-bit major release  (build 9200)
| Command      : upgrade_ip
| Device       : xczu3eg-sbva484-1-e
---------------------------------------------------------------------------------------------------------------------------------------------

Upgrade Log for IP 'design_1_AXI_detector_0_0'

1. Summary
----------

SUCCESS in the upgrade of design_1_AXI_detector_0_0 (xilinx.com:user:AXI_detector:1.0) from (Rev. 5) to (Rev. 6)






Copyright 1986-2022 Xilinx, Inc. All Rights Reserved. Copyright 2022-2023 Advanced Micro Devices, Inc. All Rights Reserved.
---------------------------------------------------------------------------------------------------------------------------------------------
| Tool Version : Vivado v.2023.2 (win64) Build 4029153 Fri Oct 13 20:14:34 MDT 2023
| Date         : Sun May 12 23:28:10 2024
| Host         : Olawenah-PC running 64-bit major release  (build 9200)
| Command      : upgrade_ip
| Device       : xczu3eg-sbva484-1-e
---------------------------------------------------------------------------------------------------------------------------------------------

Upgrade Log for IP 'design_1_AXI_detector_0_0'

1. Summary
----------

CAUTION (success, with warnings) in the upgrade of design_1_AXI_detector_0_0 (xilinx.com:user:AXI_detector:1.0) from (Rev. 4) to (Rev. 5)

After upgrade, an IP may have parameter and port differences compared to the original customization. Please review the parameters within the IP customization GUI to ensure proper functionality. Also, please review the updated IP instantiation template to ensure proper connectivity, and update your design if required.

2. Connection Warnings
----------------------

Detected external port differences while upgrading 'design_1_AXI_detector_0_0'. These changes may impact your design.


-Upgraded port order differs after port 'Channels'


